<?xml version="1.0" encoding="UTF-8"?>
<testng-results skipped="0" failed="0" ignored="0" total="1" passed="1">
  <reporter-output>
  </reporter-output>
  <suite name="Suite" duration-ms="23032" started-at="2017-12-14T16:23:13Z" finished-at="2017-12-14T16:23:36Z">
    <groups>
    </groups>
    <test name="Test" duration-ms="23032" started-at="2017-12-14T16:23:13Z" finished-at="2017-12-14T16:23:36Z">
      <class name="action.NewTest">
        <test-method status="PASS" signature="launchBrowser()[pri:0, instance:action.NewTest@6bdf28bb]" name="launchBrowser" is-config="true" duration-ms="15293" started-at="2017-12-14T21:53:13Z" finished-at="2017-12-14T21:53:28Z">
          <reporter-output>
          </reporter-output>
        </test-method> <!-- launchBrowser -->
        <test-method status="PASS" signature="testEasy()[pri:0, instance:action.NewTest@6bdf28bb]" name="testEasy" duration-ms="5991" started-at="2017-12-14T21:53:28Z" finished-at="2017-12-14T21:53:34Z">
          <reporter-output>
          </reporter-output>
        </test-method> <!-- testEasy -->
        <test-method status="PASS" signature="afterTest()[pri:0, instance:action.NewTest@6bdf28bb]" name="afterTest" is-config="true" duration-ms="1729" started-at="2017-12-14T21:53:34Z" finished-at="2017-12-14T21:53:36Z">
          <reporter-output>
          </reporter-output>
        </test-method> <!-- afterTest -->
      </class> <!-- action.NewTest -->
    </test> <!-- Test -->
  </suite> <!-- Suite -->
</testng-results>
