<?xml version="1.0" encoding="UTF-8"?>
<testng-results skipped="0" failed="0" ignored="0" total="1" passed="1">
  <reporter-output>
  </reporter-output>
  <suite name="Suite" duration-ms="23731" started-at="2017-12-13T18:14:19Z" finished-at="2017-12-13T18:14:43Z">
    <groups>
    </groups>
    <test name="Test" duration-ms="23731" started-at="2017-12-13T18:14:19Z" finished-at="2017-12-13T18:14:43Z">
      <class name="action.NewTest">
        <test-method status="PASS" signature="launchBrowser()[pri:0, instance:action.NewTest@4501b7af]" name="launchBrowser" is-config="true" duration-ms="15924" started-at="2017-12-13T23:44:19Z" finished-at="2017-12-13T23:44:35Z">
          <reporter-output>
          </reporter-output>
        </test-method> <!-- launchBrowser -->
        <test-method status="PASS" signature="testEasy()[pri:0, instance:action.NewTest@4501b7af]" name="testEasy" duration-ms="6042" started-at="2017-12-13T23:44:35Z" finished-at="2017-12-13T23:44:41Z">
          <reporter-output>
          </reporter-output>
        </test-method> <!-- testEasy -->
        <test-method status="PASS" signature="afterTest()[pri:0, instance:action.NewTest@4501b7af]" name="afterTest" is-config="true" duration-ms="1744" started-at="2017-12-13T23:44:41Z" finished-at="2017-12-13T23:44:43Z">
          <reporter-output>
          </reporter-output>
        </test-method> <!-- afterTest -->
      </class> <!-- action.NewTest -->
    </test> <!-- Test -->
  </suite> <!-- Suite -->
</testng-results>
